# JRE version: OpenJDK Runtime Environment Temurin-17.0.7+7 (17.0.7+7) (build 17.0.7+7)
# Java VM: OpenJDK 64-Bit Server VM Temurin-17.0.7+7 (17.0.7+7, mixed mode, tiered, compressed oops, compressed class ptrs, g1 gc, windows-amd64)
GC Precious Log:
 CPUs: 8 total, 8 available
 Memory: 7998M
 Large Page Support: Disabled
 NUMA Support: Disabled
 Compressed Oops: Enabled (32-bit)
 Heap Region Size: 1M
 Heap Min Capacity: 8M
 Heap Initial Capacity: 126M
 Heap Max Capacity: 2G
 Pre-touch: Disabled
 Parallel Workers: 8
 Concurrent Workers: 2
 Concurrent Refinement Workers: 8
 Periodic GC: Disabled
Heap:
 garbage-first heap   total 78848K, used 40201K [0x0000000080000000, 0x0000000100000000)
  region size 1024K, 7 young (7168K), 2 survivors (2048K)
 Metaspace       used 43829K, committed 44352K, reserved 1114112K
  class space    used 4884K, committed 5120K, reserved 1048576K
GC Heap History (20 events):
Event: 35.227 GC heap before
{Heap before GC invocations=5 (full 0):
 garbage-first heap   total 78848K, used 61638K [0x0000000080000000, 0x0000000100000000)
  region size 1024K, 45 young (46080K), 5 survivors (5120K)
 Metaspace       used 22115K, committed 22336K, reserved 1114112K
  class space    used 2313K, committed 2432K, reserved 1048576K
}
Event: 35.249 GC heap after
{Heap after GC invocations=6 (full 0):
 garbage-first heap   total 78848K, used 22225K [0x0000000080000000, 0x0000000100000000)
  region size 1024K, 3 young (3072K), 3 survivors (3072K)
 Metaspace       used 22115K, committed 22336K, reserved 1114112K
  class space    used 2313K, committed 2432K, reserved 1048576K
}
Event: 39.802 GC heap before
{Heap before GC invocations=6 (full 0):
 garbage-first heap   total 78848K, used 54993K [0x0000000080000000, 0x0000000100000000)
  region size 1024K, 35 young (35840K), 3 survivors (3072K)
 Metaspace       used 25738K, committed 25984K, reserved 1114112K
  class space    used 2688K, committed 2816K, reserved 1048576K
}
Event: 39.833 GC heap after
{Heap after GC invocations=7 (full 0):
 garbage-first heap   total 78848K, used 24665K [0x0000000080000000, 0x0000000100000000)
  region size 1024K, 5 young (5120K), 5 survivors (5120K)
 Metaspace       used 25738K, committed 25984K, reserved 1114112K
  class space    used 2688K, committed 2816K, reserved 1048576K
}
Event: 46.748 GC heap before
{Heap before GC invocations=7 (full 0):
 garbage-first heap   total 78848K, used 56409K [0x0000000080000000, 0x0000000100000000)
  region size 1024K, 36 young (36864K), 5 survivors (5120K)
 Metaspace       used 31492K, committed 31936K, reserved 1114112K
  class space    used 3368K, committed 3584K, reserved 1048576K
}
Event: 46.778 GC heap after
{Heap after GC invocations=8 (full 0):
 garbage-first heap   total 78848K, used 27151K [0x0000000080000000, 0x0000000100000000)
  region size 1024K, 3 young (3072K), 3 survivors (3072K)
 Metaspace       used 31492K, committed 31936K, reserved 1114112K
  class space    used 3368K, committed 3584K, reserved 1048576K
}
Event: 47.428 GC heap before
{Heap before GC invocations=8 (full 0):
 garbage-first heap   total 78848K, used 59919K [0x0000000080000000, 0x0000000100000000)
  region size 1024K, 32 young (32768K), 3 survivors (3072K)
 Metaspace       used 32617K, committed 32960K, reserved 1114112K
  class space    used 3442K, committed 3648K, reserved 1048576K
}
Event: 47.440 GC heap after
{Heap after GC invocations=9 (full 0):
 garbage-first heap   total 78848K, used 27695K [0x0000000080000000, 0x0000000100000000)
  region size 1024K, 1 young (1024K), 1 survivors (1024K)
 Metaspace       used 32617K, committed 32960K, reserved 1114112K
  class space    used 3442K, committed 3648K, reserved 1048576K
}
Event: 48.248 GC heap before
{Heap before GC invocations=9 (full 0):
 garbage-first heap   total 78848K, used 59439K [0x0000000080000000, 0x0000000100000000)
  region size 1024K, 32 young (32768K), 1 survivors (1024K)
 Metaspace       used 32684K, committed 33088K, reserved 1114112K
  class space    used 3449K, committed 3648K, reserved 1048576K
}
Event: 48.253 GC heap after
{Heap after GC invocations=10 (full 0):
 garbage-first heap   total 78848K, used 27810K [0x0000000080000000, 0x0000000100000000)
  region size 1024K, 1 young (1024K), 1 survivors (1024K)
 Metaspace       used 32684K, committed 33088K, reserved 1114112K
  class space    used 3449K, committed 3648K, reserved 1048576K
}
Event: 52.186 GC heap before
{Heap before GC invocations=10 (full 0):
 garbage-first heap   total 78848K, used 61602K [0x0000000080000000, 0x0000000100000000)
  region size 1024K, 34 young (34816K), 1 survivors (1024K)
 Metaspace       used 34845K, committed 35328K, reserved 1114112K
  class space    used 3685K, committed 3904K, reserved 1048576K
}
Event: 52.197 GC heap after
{Heap after GC invocations=11 (full 0):
 garbage-first heap   total 78848K, used 28830K [0x0000000080000000, 0x0000000100000000)
  region size 1024K, 2 young (2048K), 2 survivors (2048K)
 Metaspace       used 34845K, committed 35328K, reserved 1114112K
  class space    used 3685K, committed 3904K, reserved 1048576K
}
Event: 53.122 GC heap before
{Heap before GC invocations=11 (full 0):
 garbage-first heap   total 78848K, used 62622K [0x0000000080000000, 0x0000000100000000)
  region size 1024K, 35 young (35840K), 2 survivors (2048K)
 Metaspace       used 34983K, committed 35392K, reserved 1114112K
  class space    used 3693K, committed 3904K, reserved 1048576K
}
Event: 53.134 GC heap after
{Heap after GC invocations=12 (full 0):
 garbage-first heap   total 78848K, used 29854K [0x0000000080000000, 0x0000000100000000)
  region size 1024K, 3 young (3072K), 3 survivors (3072K)
 Metaspace       used 34983K, committed 35392K, reserved 1114112K
  class space    used 3693K, committed 3904K, reserved 1048576K
}
Event: 54.278 GC heap before
{Heap before GC invocations=12 (full 0):
 garbage-first heap   total 78848K, used 55454K [0x0000000080000000, 0x0000000100000000)
  region size 1024K, 29 young (29696K), 3 survivors (3072K)
 Metaspace       used 35783K, committed 36160K, reserved 1114112K
  class space    used 3789K, committed 3968K, reserved 1048576K
}
Event: 54.299 GC heap after
{Heap after GC invocations=13 (full 0):
 garbage-first heap   total 78848K, used 32250K [0x0000000080000000, 0x0000000100000000)
  region size 1024K, 5 young (5120K), 5 survivors (5120K)
 Metaspace       used 35783K, committed 36160K, reserved 1114112K
  class space    used 3789K, committed 3968K, reserved 1048576K
}
Event: 58.916 GC heap before
{Heap before GC invocations=14 (full 0):
 garbage-first heap   total 78848K, used 61946K [0x0000000080000000, 0x0000000100000000)
  region size 1024K, 34 young (34816K), 5 survivors (5120K)
 Metaspace       used 39814K, committed 40384K, reserved 1114112K
  class space    used 4323K, committed 4608K, reserved 1048576K
}
Event: 58.941 GC heap after
{Heap after GC invocations=15 (full 0):
 garbage-first heap   total 78848K, used 34668K [0x0000000080000000, 0x0000000100000000)
  region size 1024K, 5 young (5120K), 5 survivors (5120K)
 Metaspace       used 39814K, committed 40384K, reserved 1114112K
  class space    used 4323K, committed 4608K, reserved 1048576K
}
Event: 108.343 GC heap before
{Heap before GC invocations=15 (full 0):
 garbage-first heap   total 78848K, used 61292K [0x0000000080000000, 0x0000000100000000)
  region size 1024K, 32 young (32768K), 5 survivors (5120K)
 Metaspace       used 43690K, committed 44224K, reserved 1114112K
  class space    used 4862K, committed 5120K, reserved 1048576K
}
Event: 108.393 GC heap after
{Heap after GC invocations=16 (full 0):
 garbage-first heap   total 78848K, used 36105K [0x0000000080000000, 0x0000000100000000)
  region size 1024K, 2 young (2048K), 2 survivors (2048K)
 Metaspace       used 43690K, committed 44224K, reserved 1114112K
  class space    used 4862K, committed 5120K, reserved 1048576K
}

