# JRE version: OpenJDK Runtime Environment Temurin-17.0.7+7 (17.0.7+7) (build 17.0.7+7)
# Java VM: OpenJDK 64-Bit Server VM Temurin-17.0.7+7 (17.0.7+7, mixed mode, tiered, compressed oops, compressed class ptrs, g1 gc, windows-amd64)
GC Precious Log:
 CPUs: 8 total, 8 available
 Memory: 7998M
 Large Page Support: Disabled
 NUMA Support: Disabled
 Compressed Oops: Enabled (32-bit)
 Heap Region Size: 1M
 Heap Min Capacity: 8M
 Heap Initial Capacity: 126M
 Heap Max Capacity: 2G
 Pre-touch: Disabled
 Parallel Workers: 8
 Concurrent Workers: 2
 Concurrent Refinement Workers: 8
 Periodic GC: Disabled
Heap:
 garbage-first heap   total 78848K, used 42230K [0x0000000080000000, 0x0000000100000000)
  region size 1024K, 9 young (9216K), 2 survivors (2048K)
 Metaspace       used 43821K, committed 44352K, reserved 1114112K
  class space    used 4884K, committed 5120K, reserved 1048576K
GC Heap History (20 events):
Event: 30.569 GC heap before
{Heap before GC invocations=5 (full 0):
 garbage-first heap   total 78848K, used 62135K [0x0000000080000000, 0x0000000100000000)
  region size 1024K, 46 young (47104K), 5 survivors (5120K)
 Metaspace       used 22095K, committed 22336K, reserved 1114112K
  class space    used 2313K, committed 2432K, reserved 1048576K
}
Event: 30.591 GC heap after
{Heap after GC invocations=6 (full 0):
 garbage-first heap   total 78848K, used 22255K [0x0000000080000000, 0x0000000100000000)
  region size 1024K, 3 young (3072K), 3 survivors (3072K)
 Metaspace       used 22095K, committed 22336K, reserved 1114112K
  class space    used 2313K, committed 2432K, reserved 1048576K
}
Event: 35.335 GC heap before
{Heap before GC invocations=6 (full 0):
 garbage-first heap   total 78848K, used 55023K [0x0000000080000000, 0x0000000100000000)
  region size 1024K, 35 young (35840K), 3 survivors (3072K)
 Metaspace       used 24864K, committed 25216K, reserved 1114112K
  class space    used 2606K, committed 2752K, reserved 1048576K
}
Event: 35.353 GC heap after
{Heap after GC invocations=7 (full 0):
 garbage-first heap   total 78848K, used 24431K [0x0000000080000000, 0x0000000100000000)
  region size 1024K, 5 young (5120K), 5 survivors (5120K)
 Metaspace       used 24864K, committed 25216K, reserved 1114112K
  class space    used 2606K, committed 2752K, reserved 1048576K
}
Event: 42.384 GC heap before
{Heap before GC invocations=7 (full 0):
 garbage-first heap   total 78848K, used 57199K [0x0000000080000000, 0x0000000100000000)
  region size 1024K, 37 young (37888K), 5 survivors (5120K)
 Metaspace       used 31512K, committed 31936K, reserved 1114112K
  class space    used 3368K, committed 3584K, reserved 1048576K
}
Event: 42.419 GC heap after
{Heap after GC invocations=8 (full 0):
 garbage-first heap   total 78848K, used 27047K [0x0000000080000000, 0x0000000100000000)
  region size 1024K, 5 young (5120K), 5 survivors (5120K)
 Metaspace       used 31512K, committed 31936K, reserved 1114112K
  class space    used 3368K, committed 3584K, reserved 1048576K
}
Event: 42.864 GC heap before
{Heap before GC invocations=8 (full 0):
 garbage-first heap   total 78848K, used 60839K [0x0000000080000000, 0x0000000100000000)
  region size 1024K, 35 young (35840K), 5 survivors (5120K)
 Metaspace       used 32644K, committed 33088K, reserved 1114112K
  class space    used 3442K, committed 3648K, reserved 1048576K
}
Event: 42.885 GC heap after
{Heap after GC invocations=9 (full 0):
 garbage-first heap   total 78848K, used 27988K [0x0000000080000000, 0x0000000100000000)
  region size 1024K, 1 young (1024K), 1 survivors (1024K)
 Metaspace       used 32644K, committed 33088K, reserved 1114112K
  class space    used 3442K, committed 3648K, reserved 1048576K
}
Event: 43.247 GC heap before
{Heap before GC invocations=9 (full 0):
 garbage-first heap   total 78848K, used 59732K [0x0000000080000000, 0x0000000100000000)
  region size 1024K, 32 young (32768K), 1 survivors (1024K)
 Metaspace       used 32709K, committed 33088K, reserved 1114112K
  class space    used 3449K, committed 3648K, reserved 1048576K
}
Event: 43.252 GC heap after
{Heap after GC invocations=10 (full 0):
 garbage-first heap   total 78848K, used 27919K [0x0000000080000000, 0x0000000100000000)
  region size 1024K, 1 young (1024K), 1 survivors (1024K)
 Metaspace       used 32709K, committed 33088K, reserved 1114112K
  class space    used 3449K, committed 3648K, reserved 1048576K
}
Event: 46.195 GC heap before
{Heap before GC invocations=10 (full 0):
 garbage-first heap   total 78848K, used 61711K [0x0000000080000000, 0x0000000100000000)
  region size 1024K, 34 young (34816K), 1 survivors (1024K)
 Metaspace       used 34889K, committed 35328K, reserved 1114112K
  class space    used 3686K, committed 3904K, reserved 1048576K
}
Event: 46.207 GC heap after
{Heap after GC invocations=11 (full 0):
 garbage-first heap   total 78848K, used 28895K [0x0000000080000000, 0x0000000100000000)
  region size 1024K, 2 young (2048K), 2 survivors (2048K)
 Metaspace       used 34889K, committed 35328K, reserved 1114112K
  class space    used 3686K, committed 3904K, reserved 1048576K
}
Event: 47.946 GC heap before
{Heap before GC invocations=11 (full 0):
 garbage-first heap   total 78848K, used 62687K [0x0000000080000000, 0x0000000100000000)
  region size 1024K, 35 young (35840K), 2 survivors (2048K)
 Metaspace       used 34999K, committed 35392K, reserved 1114112K
  class space    used 3693K, committed 3904K, reserved 1048576K
}
Event: 47.957 GC heap after
{Heap after GC invocations=12 (full 0):
 garbage-first heap   total 78848K, used 29716K [0x0000000080000000, 0x0000000100000000)
  region size 1024K, 3 young (3072K), 3 survivors (3072K)
 Metaspace       used 34999K, committed 35392K, reserved 1114112K
  class space    used 3693K, committed 3904K, reserved 1048576K
}
Event: 49.609 GC heap before
{Heap before GC invocations=12 (full 0):
 garbage-first heap   total 78848K, used 52244K [0x0000000080000000, 0x0000000100000000)
  region size 1024K, 26 young (26624K), 3 survivors (3072K)
 Metaspace       used 35557K, committed 35968K, reserved 1114112K
  class space    used 3749K, committed 3968K, reserved 1048576K
}
Event: 49.631 GC heap after
{Heap after GC invocations=13 (full 0):
 garbage-first heap   total 78848K, used 32453K [0x0000000080000000, 0x0000000100000000)
  region size 1024K, 5 young (5120K), 5 survivors (5120K)
 Metaspace       used 35557K, committed 35968K, reserved 1114112K
  class space    used 3749K, committed 3968K, reserved 1048576K
}
Event: 53.019 GC heap before
{Heap before GC invocations=14 (full 0):
 garbage-first heap   total 78848K, used 62149K [0x0000000080000000, 0x0000000100000000)
  region size 1024K, 34 young (34816K), 5 survivors (5120K)
 Metaspace       used 39024K, committed 39488K, reserved 1114112K
  class space    used 4234K, committed 4416K, reserved 1048576K
}
Event: 53.043 GC heap after
{Heap after GC invocations=15 (full 0):
 garbage-first heap   total 78848K, used 34842K [0x0000000080000000, 0x0000000100000000)
  region size 1024K, 5 young (5120K), 5 survivors (5120K)
 Metaspace       used 39024K, committed 39488K, reserved 1114112K
  class space    used 4234K, committed 4416K, reserved 1048576K
}
Event: 106.607 GC heap before
{Heap before GC invocations=15 (full 0):
 garbage-first heap   total 78848K, used 62490K [0x0000000080000000, 0x0000000100000000)
  region size 1024K, 32 young (32768K), 5 survivors (5120K)
 Metaspace       used 43677K, committed 44224K, reserved 1114112K
  class space    used 4861K, committed 5120K, reserved 1048576K
}
Event: 106.629 GC heap after
{Heap after GC invocations=16 (full 0):
 garbage-first heap   total 78848K, used 36086K [0x0000000080000000, 0x0000000100000000)
  region size 1024K, 2 young (2048K), 2 survivors (2048K)
 Metaspace       used 43677K, committed 44224K, reserved 1114112K
  class space    used 4861K, committed 5120K, reserved 1048576K
}

