# JRE version: OpenJDK Runtime Environment Temurin-17.0.7+7 (17.0.7+7) (build 17.0.7+7)
# Java VM: OpenJDK 64-Bit Server VM Temurin-17.0.7+7 (17.0.7+7, mixed mode, tiered, compressed oops, compressed class ptrs, g1 gc, windows-amd64)
GC Precious Log:
 CPUs: 8 total, 8 available
 Memory: 7998M
 Large Page Support: Disabled
 NUMA Support: Disabled
 Compressed Oops: Enabled (32-bit)
 Heap Region Size: 1M
 Heap Min Capacity: 8M
 Heap Initial Capacity: 126M
 Heap Max Capacity: 2G
 Pre-touch: Disabled
 Parallel Workers: 8
 Concurrent Workers: 2
 Concurrent Refinement Workers: 8
 Periodic GC: Disabled
Heap:
 garbage-first heap   total 78848K, used 39758K [0x0000000080000000, 0x0000000100000000)
  region size 1024K, 7 young (7168K), 2 survivors (2048K)
 Metaspace       used 43819K, committed 44288K, reserved 1114112K
  class space    used 4884K, committed 5120K, reserved 1048576K
GC Heap History (20 events):
Event: 32.978 GC heap before
{Heap before GC invocations=5 (full 0):
 garbage-first heap   total 78848K, used 61398K [0x0000000080000000, 0x0000000100000000)
  region size 1024K, 45 young (46080K), 5 survivors (5120K)
 Metaspace       used 22080K, committed 22336K, reserved 1114112K
  class space    used 2312K, committed 2432K, reserved 1048576K
}
Event: 33.000 GC heap after
{Heap after GC invocations=6 (full 0):
 garbage-first heap   total 78848K, used 21924K [0x0000000080000000, 0x0000000100000000)
  region size 1024K, 3 young (3072K), 3 survivors (3072K)
 Metaspace       used 22080K, committed 22336K, reserved 1114112K
  class space    used 2312K, committed 2432K, reserved 1048576K
}
Event: 41.340 GC heap before
{Heap before GC invocations=6 (full 0):
 garbage-first heap   total 78848K, used 54692K [0x0000000080000000, 0x0000000100000000)
  region size 1024K, 35 young (35840K), 3 survivors (3072K)
 Metaspace       used 25691K, committed 25984K, reserved 1114112K
  class space    used 2682K, committed 2816K, reserved 1048576K
}
Event: 41.360 GC heap after
{Heap after GC invocations=7 (full 0):
 garbage-first heap   total 78848K, used 24363K [0x0000000080000000, 0x0000000100000000)
  region size 1024K, 5 young (5120K), 5 survivors (5120K)
 Metaspace       used 25691K, committed 25984K, reserved 1114112K
  class space    used 2682K, committed 2816K, reserved 1048576K
}
Event: 48.405 GC heap before
{Heap before GC invocations=7 (full 0):
 garbage-first heap   total 78848K, used 56107K [0x0000000080000000, 0x0000000100000000)
  region size 1024K, 36 young (36864K), 5 survivors (5120K)
 Metaspace       used 31459K, committed 31872K, reserved 1114112K
  class space    used 3366K, committed 3584K, reserved 1048576K
}
Event: 48.455 GC heap after
{Heap after GC invocations=8 (full 0):
 garbage-first heap   total 78848K, used 26889K [0x0000000080000000, 0x0000000100000000)
  region size 1024K, 3 young (3072K), 3 survivors (3072K)
 Metaspace       used 31459K, committed 31872K, reserved 1114112K
  class space    used 3366K, committed 3584K, reserved 1048576K
}
Event: 49.500 GC heap before
{Heap before GC invocations=8 (full 0):
 garbage-first heap   total 78848K, used 59657K [0x0000000080000000, 0x0000000100000000)
  region size 1024K, 33 young (33792K), 3 survivors (3072K)
 Metaspace       used 32596K, committed 33024K, reserved 1114112K
  class space    used 3440K, committed 3648K, reserved 1048576K
}
Event: 49.515 GC heap after
{Heap after GC invocations=9 (full 0):
 garbage-first heap   total 78848K, used 26939K [0x0000000080000000, 0x0000000100000000)
  region size 1024K, 3 young (3072K), 3 survivors (3072K)
 Metaspace       used 32596K, committed 33024K, reserved 1114112K
  class space    used 3440K, committed 3648K, reserved 1048576K
}
Event: 50.987 GC heap before
{Heap before GC invocations=9 (full 0):
 garbage-first heap   total 78848K, used 58683K [0x0000000080000000, 0x0000000100000000)
  region size 1024K, 34 young (34816K), 3 survivors (3072K)
 Metaspace       used 32661K, committed 33024K, reserved 1114112K
  class space    used 3446K, committed 3648K, reserved 1048576K
}
Event: 51.000 GC heap after
{Heap after GC invocations=10 (full 0):
 garbage-first heap   total 78848K, used 27552K [0x0000000080000000, 0x0000000100000000)
  region size 1024K, 1 young (1024K), 1 survivors (1024K)
 Metaspace       used 32661K, committed 33024K, reserved 1114112K
  class space    used 3446K, committed 3648K, reserved 1048576K
}
Event: 55.484 GC heap before
{Heap before GC invocations=10 (full 0):
 garbage-first heap   total 78848K, used 61344K [0x0000000080000000, 0x0000000100000000)
  region size 1024K, 34 young (34816K), 1 survivors (1024K)
 Metaspace       used 34846K, committed 35264K, reserved 1114112K
  class space    used 3684K, committed 3840K, reserved 1048576K
}
Event: 55.494 GC heap after
{Heap after GC invocations=11 (full 0):
 garbage-first heap   total 78848K, used 28529K [0x0000000080000000, 0x0000000100000000)
  region size 1024K, 2 young (2048K), 2 survivors (2048K)
 Metaspace       used 34846K, committed 35264K, reserved 1114112K
  class space    used 3684K, committed 3840K, reserved 1048576K
}
Event: 57.229 GC heap before
{Heap before GC invocations=11 (full 0):
 garbage-first heap   total 78848K, used 62321K [0x0000000080000000, 0x0000000100000000)
  region size 1024K, 35 young (35840K), 2 survivors (2048K)
 Metaspace       used 34979K, committed 35456K, reserved 1114112K
  class space    used 3692K, committed 3904K, reserved 1048576K
}
Event: 57.240 GC heap after
{Heap after GC invocations=12 (full 0):
 garbage-first heap   total 78848K, used 29495K [0x0000000080000000, 0x0000000100000000)
  region size 1024K, 3 young (3072K), 3 survivors (3072K)
 Metaspace       used 34979K, committed 35456K, reserved 1114112K
  class space    used 3692K, committed 3904K, reserved 1048576K
}
Event: 58.159 GC heap before
{Heap before GC invocations=12 (full 0):
 garbage-first heap   total 78848K, used 55095K [0x0000000080000000, 0x0000000100000000)
  region size 1024K, 29 young (29696K), 3 survivors (3072K)
 Metaspace       used 35719K, committed 36096K, reserved 1114112K
  class space    used 3781K, committed 3968K, reserved 1048576K
}
Event: 58.179 GC heap after
{Heap after GC invocations=13 (full 0):
 garbage-first heap   total 78848K, used 32078K [0x0000000080000000, 0x0000000100000000)
  region size 1024K, 5 young (5120K), 5 survivors (5120K)
 Metaspace       used 35719K, committed 36096K, reserved 1114112K
  class space    used 3781K, committed 3968K, reserved 1048576K
}
Event: 66.135 GC heap before
{Heap before GC invocations=14 (full 0):
 garbage-first heap   total 78848K, used 61774K [0x0000000080000000, 0x0000000100000000)
  region size 1024K, 34 young (34816K), 5 survivors (5120K)
 Metaspace       used 39715K, committed 40192K, reserved 1114112K
  class space    used 4314K, committed 4544K, reserved 1048576K
}
Event: 66.164 GC heap after
{Heap after GC invocations=15 (full 0):
 garbage-first heap   total 78848K, used 34457K [0x0000000080000000, 0x0000000100000000)
  region size 1024K, 5 young (5120K), 5 survivors (5120K)
 Metaspace       used 39715K, committed 40192K, reserved 1114112K
  class space    used 4314K, committed 4544K, reserved 1048576K
}
Event: 121.163 GC heap before
{Heap before GC invocations=15 (full 0):
 garbage-first heap   total 78848K, used 61081K [0x0000000080000000, 0x0000000100000000)
  region size 1024K, 32 young (32768K), 5 survivors (5120K)
 Metaspace       used 43691K, committed 44224K, reserved 1114112K
  class space    used 4862K, committed 5120K, reserved 1048576K
}
Event: 121.213 GC heap after
{Heap after GC invocations=16 (full 0):
 garbage-first heap   total 78848K, used 35662K [0x0000000080000000, 0x0000000100000000)
  region size 1024K, 2 young (2048K), 2 survivors (2048K)
 Metaspace       used 43691K, committed 44224K, reserved 1114112K
  class space    used 4862K, committed 5120K, reserved 1048576K
}

